wear/build/intermediates/manifest_merge_blame_file/debug/processDebugMainManifest/manifest-merger-blame-debug-report.txt
1<?xml version="1.0" encoding="utf-8"?>
2<manifest xmlns:android="http://schemas.android.com/apk/res/android"
3    package="com.pixelspore.grefsenveien"
4    android:versionCode="5"
5    android:versionName="2.2" >
6
7    <uses-sdk
8        android:minSdkVersion="30"
9        android:targetSdkVersion="35" />
10
11    <uses-feature android:name="android.hardware.type.watch" />
11-->src/main/AndroidManifest.xml:4:5-64
11-->src/main/AndroidManifest.xml:4:19-61
12
13    <uses-permission android:name="android.permission.INTERNET" />
13-->src/main/AndroidManifest.xml:5:5-67
13-->src/main/AndroidManifest.xml:5:22-64
14    <uses-permission android:name="android.permission.WAKE_LOCK" />
14-->src/main/AndroidManifest.xml:6:5-68
14-->src/main/AndroidManifest.xml:6:22-65
15
16    <permission
16-->[androidx.core:core:1.12.0] AndroidManifest.xml:22:5-24:47
17        android:name="com.pixelspore.grefsenveien.DYNAMIC_RECEIVER_NOT_EXPORTED_PERMISSION"
17-->[androidx.core:core:1.12.0] AndroidManifest.xml:23:9-81
18        android:protectionLevel="signature" />
18-->[androidx.core:core:1.12.0] AndroidManifest.xml:24:9-44
19
20    <uses-permission android:name="com.pixelspore.grefsenveien.DYNAMIC_RECEIVER_NOT_EXPORTED_PERMISSION" />
20-->[androidx.core:core:1.12.0] AndroidManifest.xml:26:5-97
20-->[androidx.core:core:1.12.0] AndroidManifest.xml:26:22-94
21
22    <queries>
22-->[androidx.wear.tiles:tiles:1.3.0] AndroidManifest.xml:7:5-11:15
23        <intent>
23-->[androidx.wear.tiles:tiles:1.3.0] AndroidManifest.xml:8:9-10:18
24            <action android:name="androidx.wear.tiles.action.BIND_UPDATE_REQUESTER" />
24-->[androidx.wear.tiles:tiles:1.3.0] AndroidManifest.xml:9:13-87
24-->[androidx.wear.tiles:tiles:1.3.0] AndroidManifest.xml:9:21-84
25        </intent>
26    </queries>
27
28    <application
28-->src/main/AndroidManifest.xml:8:5-42:19
29        android:allowBackup="true"
29-->src/main/AndroidManifest.xml:9:9-35
30        android:appComponentFactory="androidx.core.app.CoreComponentFactory"
30-->[androidx.core:core:1.12.0] AndroidManifest.xml:28:18-86
31        android:debuggable="true"
32        android:extractNativeLibs="false"
33        android:icon="@drawable/ic_launcher_wear"
33-->src/main/AndroidManifest.xml:10:9-50
34        android:label="Grefsenveien"
34-->src/main/AndroidManifest.xml:11:9-37
35        android:supportsRtl="true"
35-->src/main/AndroidManifest.xml:12:9-35
36        android:theme="@android:style/Theme.DeviceDefault" >
36-->src/main/AndroidManifest.xml:13:9-59
37
38        <!-- Standalone application indicating it does not require a companion phone app (it operates its own web requests) -->
39        <meta-data
39-->src/main/AndroidManifest.xml:16:9-18:36
40            android:name="com.google.android.wearable.standalone"
40-->src/main/AndroidManifest.xml:17:13-66
41            android:value="true" />
41-->src/main/AndroidManifest.xml:18:13-33
42
43        <activity
43-->src/main/AndroidManifest.xml:20:9-29:20
44            android:name="com.pixelspore.grefsenveien.wear.MainActivity"
44-->src/main/AndroidManifest.xml:21:13-41
45            android:exported="true"
45-->src/main/AndroidManifest.xml:22:13-36
46            android:taskAffinity=""
46-->src/main/AndroidManifest.xml:23:13-36
47            android:theme="@android:style/Theme.DeviceDefault" >
47-->src/main/AndroidManifest.xml:24:13-63
48            <intent-filter>
48-->src/main/AndroidManifest.xml:25:13-28:29
49                <action android:name="android.intent.action.MAIN" />
49-->src/main/AndroidManifest.xml:26:17-69
49-->src/main/AndroidManifest.xml:26:25-66
50
51                <category android:name="android.intent.category.LAUNCHER" />
51-->src/main/AndroidManifest.xml:27:17-77
51-->src/main/AndroidManifest.xml:27:27-74
52            </intent-filter>
53        </activity>
54
55        <service
55-->src/main/AndroidManifest.xml:30:9-41:19
56            android:name="com.pixelspore.grefsenveien.wear.ActionTileService"
56-->src/main/AndroidManifest.xml:31:13-46
57            android:exported="true"
57-->src/main/AndroidManifest.xml:32:13-36
58            android:label="Grefsenveien Kontroll"
58-->src/main/AndroidManifest.xml:33:13-50
59            android:permission="com.google.android.wearable.permission.BIND_TILE_PROVIDER" >
59-->src/main/AndroidManifest.xml:34:13-91
60            <intent-filter>
60-->src/main/AndroidManifest.xml:35:13-37:29
61                <action android:name="androidx.wear.tiles.action.BIND_TILE_PROVIDER" />
61-->src/main/AndroidManifest.xml:36:17-88
61-->src/main/AndroidManifest.xml:36:25-85
62            </intent-filter>
63
64            <meta-data
64-->src/main/AndroidManifest.xml:38:13-40:65
65                android:name="androidx.wear.tiles.PREVIEW"
65-->src/main/AndroidManifest.xml:39:17-59
66                android:resource="@drawable/ic_launcher_wear" />
66-->src/main/AndroidManifest.xml:40:17-62
67        </service>
68
69        <uses-library
69-->[androidx.wear:wear:1.3.0] AndroidManifest.xml:23:9-25:40
70            android:name="com.google.android.wearable"
70-->[androidx.wear:wear:1.3.0] AndroidManifest.xml:24:13-55
71            android:required="false" />
71-->[androidx.wear:wear:1.3.0] AndroidManifest.xml:25:13-37
72
73        <activity
73-->[com.google.android.gms:play-services-base:18.0.1] AndroidManifest.xml:20:9-22:45
74            android:name="com.google.android.gms.common.api.GoogleApiActivity"
74-->[com.google.android.gms:play-services-base:18.0.1] AndroidManifest.xml:20:19-85
75            android:exported="false"
75-->[com.google.android.gms:play-services-base:18.0.1] AndroidManifest.xml:22:19-43
76            android:theme="@android:style/Theme.Translucent.NoTitleBar" />
76-->[com.google.android.gms:play-services-base:18.0.1] AndroidManifest.xml:21:19-78
77
78        <meta-data
78-->[com.google.android.gms:play-services-basement:18.0.0] AndroidManifest.xml:21:9-23:69
79            android:name="com.google.android.gms.version"
79-->[com.google.android.gms:play-services-basement:18.0.0] AndroidManifest.xml:22:13-58
80            android:value="@integer/google_play_services_version" />
80-->[com.google.android.gms:play-services-basement:18.0.0] AndroidManifest.xml:23:13-66
81    </application>
82
83</manifest>